https://www.reddit.com/r/LifeProTips/comments/5tqj0t/lpt_your_hearing_is_not_invincible_please_lower/
https://i.reddituploads.com/e060648a81a84a9a9889a7c3add0ed18?fit=max&h=1536&w=1536&s=57ffd244b4c7c2160fb6afaf519921e5
https://www.reddit.com/r/portugal/comments/5wuyae/redditors_de_portugal_qual_foi_o_pior_conselho/
https://www.reddit.com/r/portugal/comments/5wuyae/redditors_de_portugal_qual_foi_o_pior_conselho/
https://www.reddit.com/r/portugal/comments/5wuyae/redditors_de_portugal_qual_foi_o_pior_conselho/
https://i.reddituploads.com/696b5cb6ead942e9a4816f51c9678e61?fit=max&h=1536&w=1536&s=312fef578392281238a6c21360757ca2
https://www.reddit.com/r/ShittyLifeProTips/comments/5wv74w/lpt_if_youre_a_religious_organisation_looking_to/
https://www.reddit.com/r/ShittyLifeProTips/comments/5wv74w/lpt_if_youre_a_religious_organisation_looking_to/
https://i.redd.it/ic9es60u7oiy.jpg
http://fraghero.com/russian-guy-murders-his-friend-over-argument-about-which-graphics-card-is-better-nvidia-or-amd/
https://www.reddit.com/r/portugal/comments/5wvyvo/sério_casos_de_precariedade_e_abuso_no_local_de/
https://www.reddit.com/r/politics/comments/5n8z88/megathread_intelligence_report_claims_russia_has/
https://www.reddit.com/r/androiddev/comments/4lq0xk/how_good_is_firebase_analytics_compared_to_google/
https://pbs.twimg.com/media/C8K9htKXkAESv2h.jpg
https://www.reddit.com/r/portugal/comments/62gz98/hey_rportugal_what_newspapers_do_you_read/
http://www.publico.pt/assinaturaspaytime
http://expresso.sapo.pt/sociedade/2017-03-30-Jornalista-da-RTP-agredido-junto-a-escola-em-Chelas
http://observador.pt/especiais/a-tatuagem-em-portugal-e-uma-historia-de-crime-e-de-amor/
https://www.reddit.com/r/webdev/comments/62jz2r/tips_on_getting_a_good_foundation_of_js/
https://www.reddit.com/r/Showerthoughts/comments/62jk6c/me_at_8_years_old_when_i_grow_up_no_one_will_tell/
https://www.theguardian.com/environment/2017/mar/29/climate-change-companies-challenge-trump-mars-staples-gap
https://pbs.twimg.com/media/C8K9htKXkAESv2h.jpg
http://www.bbc.co.uk/news/world-europe-39481770?ns_mchannel=social&ns_campaign=bbc_breaking&ns_source=twitter&ns_linkname=news_central
http://www.bbc.co.uk/news/world-europe-39481770?ns_mchannel=social&ns_campaign=bbc_breaking&ns_source=twitter&ns_linkname=news_central
https://i.redd.it/x5gzodz62apy.png
https://twitter.com/myshov/status/848626449783369730
http://www.independent.co.uk/news/world/americas/us-politics/doanld-trump-syrian-civil-war-barack-obama-chemical-weapons-attack-idlib-khan-sheikhoun-sarin-gas-a7666721.html
http://www.euronews.com/2013/12/10/say-goodbye-to-lost-luggage/
http://imgur.com/PETrx5Y
http://www.cnn.com/2017/05/09/politics/grand-jury-fbi-russia/index.html
https://au.news.yahoo.com/a/35375613/young-job-seekers-face-random-drug-tests/#page1
http://i.imgur.com/Wj9MVmV.gif
https://i.reddituploads.com/031297333ec546bda4ac8b5206258c89?fit=max&h=1536&w=1536&s=81f91477465751eb41851965b15110da
https://www.reddit.com/r/vinyl/comments/6gtcgu/weekly_questions_thread_for_the_week_of_june_12th/
https://i.redd.it/qr9s2o8b8k3z.jpg
https://www.reddit.com/r/vinyl/comments/6h7gwc/which_album_have_you_listened_to_the_most_over/
https://imgur.com/d1m1Pf2
https://i.redd.it/0fcpkgc3wi3z.jpg
https://i.redd.it/zg8zq394ph3z.gif
http://imgur.com/a/tc0lC
https://i.redd.it/aivdcliihi3z.jpg
http://i.imgur.com/aQjLaL7.jpg
https://www.reddit.com/r/vinyl/comments/6h7gwc/which_album_have_you_listened_to_the_most_over/
https://www.reddit.com/r/IAmA/comments/a3rjj/iama_male_about_to_undergo_a_nonsurgical/
https://i.redd.it/org2j5jv4v3z.jpg
https://stackoverflow.blog/2017/06/15/developers-use-spaces-make-money-use-tabs/
https://www.reddit.com/r/nin/comments/6f76la/the_nine_inch_nails_discord/
https://www.reddit.com/r/nin/comments/6m5f11/its_that_time_again_if_the_leak_doesnt_have_trent/
https://www.reddit.com/r/nin/comments/6mjn0k/resolved_sandbag_support/
https://www.reddit.com/r/nin/comments/6mgx7g/missing_vinyl_and_the_silent_sandbag/
https://i.redd.it/hlwze363imwz.jpg
https://i.redd.it/hlwze363imwz.jpg