addressable
benchmark
bigdecimal
buftok
bundler
cgi
csv
date
dbm
delegate
did_you_mean
domain_name
equalizer
etc
fcntl
ffi
ffi-compiler
fiddle
fileutils
forwardable
gdbm
geokit
getoptlong
htmlentities
http
http-cookie
http-form_data
http-parser
http_parser.rb
io-console
ipaddr
irb
json
launchy
logger
matrix
memoizable
minitest
multipart-post
mutex_m
naught
net-pop
net-smtp
net-telnet
oauth
observer
open3
openssl
ostruct
power_assert
prime
pstore
psych
public_suffix
racc
rake
rdoc
readline
readline-ext
reline
retryable
rexml
rss
sdbm
simple_oauth
singleton
stringio
strscan
t
test-unit
thor
thread_safe
timeout
tracer
twitter
unf
unf_ext
uri
webrick
xmlrpc
yaml
zlib
