/usr/local/lib
acs
alloy
angular-cli
bars
bower
browser-sync
castnow
clean-css
cloc
cordova
csvtojson
devtools-terminal
diff-so-fancy
diff2html-cli
doctoc
ember-cli
eslint
git-open
gulp
how-2
hpm-cli
http-server
ionic
ios-deploy
ios-sim
iron-node
is-up-cli
itunes-remote
jasmine-core
karma-cli
karma-jasmine
mocha
neovim
node-gyp
node-tinypng
nodemon
npm
organize-cli
phonegap
prettier
protractor
rxjs-tslint
sass-lint
sinon
stylelint-config-standard
svgo
sw-precache
titanium
trello-cli
tsd
tslint
typedoc
typescript
uncss
vtop
webpack
webpack-cli
wikit
yarn
