appdirs
async-generator
attrs
babelfish
beautifulsoup4
beets
certifi
cffi
chardet
charset-normalizer
click
colorama
configparser
confuse
crayons
cryptography
decorator
dogpile.cache
enzyme
gpg
greenlet
guessit
h11
idna
jellyfish
mediafile
msgpack
munkres
musicbrainzngs
mutagen
neovim
notmuch
outcome
packaging
pbr
pip
protobuf
pycparser
pynvim
pyOpenSSL
pyparsing
pysrt
python-dateutil
pytz
PyYAML
rarfile
rebulk
requests
selenium
setuptools
six
sniffio
sortedcontainers
soupsieve
stevedore
subliminal
trio
trio-websocket
Unidecode
urllib3
webdriver-manager
wheel
wsproto
